SF:lib/native_liblsl.dart
DA:118,0
DA:124,0
DA:561,0
DA:566,0
DA:1378,1
DA:1385,1
DA:1390,1
DA:1448,1
DA:1449,2
DA:1716,1
DA:1717,1
DA:1718,1
DA:1719,1
DA:1720,1
DA:1721,0
DA:1722,0
DA:1723,0
DA:1724,0
DA:1725,0
DA:1726,0
DA:1763,0
DA:1764,0
DA:1765,0
DA:1766,0
DA:1767,0
DA:1768,0
DA:1769,0
DA:1770,0
DA:1771,0
DA:1772,0
DA:1798,1
DA:1799,1
DA:1800,0
DA:1801,0
DA:1802,0
DA:1803,0
DA:1804,0
DA:1805,0
DA:1824,0
DA:1825,0
DA:1826,0
DA:1827,0
DA:1828,0
DA:1829,0
DA:1830,0
LF:45
LH:12
end_of_record
SF:lib/src/ffi/mem.dart
DA:39,0
DA:40,0
DA:42,0
DA:43,0
DA:44,0
DA:51,0
DA:54,2
DA:57,0
DA:58,0
DA:60,0
DA:61,0
DA:62,0
DA:68,0
DA:69,0
DA:72,0
DA:76,0
DA:77,0
DA:80,0
DA:81,0
DA:82,0
DA:84,0
DA:87,0
DA:88,0
DA:93,3
DA:95,0
DA:96,0
DA:97,0
LF:27
LH:2
end_of_record
SF:lib/src/lsl/structs.dart
DA:14,3
DA:26,1
DA:58,0
DA:60,0
DA:61,0
DA:64,0
DA:65,0
DA:68,0
DA:70,0
DA:73,0
DA:78,1
DA:79,2
DA:81,0
DA:84,0
DA:85,0
DA:88,0
DA:89,0
DA:91,0
DA:93,0
DA:97,2
DA:112,1
DA:114,1
DA:116,1
DA:118,1
DA:120,1
DA:122,1
DA:124,1
DA:126,1
DA:128,0
DA:136,0
DA:138,0
DA:140,0
DA:142,0
DA:144,0
DA:146,0
DA:148,0
DA:150,0
DA:152,0
DA:158,0
DA:160,0
DA:162,0
DA:164,0
DA:166,0
DA:168,0
DA:170,0
DA:172,0
DA:174,0
LF:47
LH:13
end_of_record
SF:lib/src/lsl/stream_info.dart
DA:10,0
DA:11,0
DA:12,0
DA:32,1
DA:42,1
DA:43,1
DA:48,1
DA:49,1
DA:50,0
DA:53,1
DA:55,1
DA:56,0
DA:58,1
DA:59,1
DA:60,1
DA:61,3
DA:62,2
DA:64,2
DA:65,2
DA:68,1
DA:69,1
DA:70,2
DA:73,1
DA:77,0
DA:78,0
DA:81,0
DA:82,0
DA:87,0
DA:93,0
DA:94,0
DA:98,0
DA:99,0
DA:104,0
DA:110,1
DA:111,1
DA:112,1
DA:113,0
DA:115,1
DA:123,1
DA:124,1
DA:125,1
DA:126,1
DA:127,1
DA:128,1
DA:132,1
DA:134,1
DA:135,1
DA:136,2
DA:137,4
DA:141,1
DA:142,3
DA:144,1
DA:150,1
DA:152,1
DA:155,1
DA:156,2
DA:158,1
DA:160,1
DA:163,0
DA:165,0
LF:60
LH:42
end_of_record
SF:lib/src/lsl/lsl_io_mixin.dart
DA:24,0
DA:26,0
DA:27,0
DA:29,0
LF:4
LH:0
end_of_record
SF:lib/src/lsl/outlet.dart
DA:64,0
DA:65,0
DA:74,0
DA:75,0
DA:83,1
DA:84,1
DA:85,0
DA:97,1
DA:116,1
DA:118,1
DA:120,2
DA:125,1
DA:127,1
DA:130,1
DA:132,1
DA:133,2
DA:134,2
DA:136,2
DA:137,0
DA:139,0
DA:144,1
DA:145,1
DA:146,2
DA:147,2
DA:164,2
DA:165,1
DA:166,0
DA:186,0
DA:187,0
DA:203,2
DA:204,1
DA:205,0
DA:227,0
DA:228,0
DA:235,0
DA:236,0
DA:237,0
DA:242,0
DA:243,0
DA:249,0
DA:251,0
DA:252,0
DA:253,0
DA:254,0
DA:258,0
DA:259,0
DA:260,0
DA:270,1
DA:272,2
DA:273,2
DA:276,4
DA:277,5
DA:278,2
DA:279,0
DA:283,2
DA:284,2
DA:285,2
DA:286,1
DA:287,1
DA:291,1
DA:292,0
DA:304,1
DA:305,2
DA:306,2
DA:309,1
DA:310,2
DA:313,0
DA:321,0
DA:322,0
DA:323,0
DA:332,1
DA:333,1
DA:336,3
DA:338,2
DA:339,4
DA:342,1
DA:343,0
DA:346,1
DA:355,0
DA:356,0
DA:359,0
DA:362,0
DA:363,0
DA:364,0
DA:373,0
DA:374,0
DA:375,0
DA:380,0
DA:381,0
DA:384,0
DA:391,1
DA:392,4
DA:393,0
DA:394,0
DA:399,0
DA:401,0
LF:96
LH:47
end_of_record
SF:lib/src/lsl/inlet.dart
DA:76,0
DA:77,0
DA:86,0
DA:87,0
DA:95,0
DA:96,0
DA:97,0
DA:112,0
DA:133,0
DA:135,0
DA:137,0
DA:142,0
DA:144,0
DA:147,0
DA:149,0
DA:150,0
DA:151,0
DA:153,0
DA:154,0
DA:156,0
DA:161,0
DA:166,0
DA:167,0
DA:168,0
DA:183,0
DA:184,0
DA:185,0
DA:209,0
DA:210,0
DA:222,0
DA:223,0
DA:224,0
DA:236,0
DA:237,0
DA:246,0
DA:247,0
DA:248,0
DA:250,0
DA:261,0
DA:262,0
DA:263,0
DA:271,0
DA:272,0
DA:278,0
DA:280,0
DA:281,0
DA:284,0
DA:285,0
DA:286,0
DA:287,0
DA:288,0
DA:290,0
DA:291,0
DA:294,0
DA:295,0
DA:296,0
DA:297,0
DA:298,0
DA:307,0
DA:309,0
DA:310,0
DA:312,0
DA:314,0
DA:317,0
DA:318,0
DA:319,0
DA:320,0
DA:321,0
DA:322,0
DA:323,0
DA:327,0
DA:328,0
DA:342,0
DA:343,0
DA:344,0
DA:346,0
DA:347,0
DA:348,0
DA:352,0
DA:353,0
DA:356,0
DA:357,0
DA:358,0
DA:359,0
DA:372,0
DA:373,0
DA:374,0
DA:375,0
DA:376,0
DA:378,0
DA:380,0
DA:381,0
DA:382,0
DA:391,0
DA:392,0
DA:393,0
DA:396,0
DA:397,0
DA:400,0
DA:412,0
DA:413,0
DA:414,0
DA:416,0
DA:420,0
DA:421,0
DA:424,0
DA:435,0
DA:436,0
DA:437,0
DA:438,0
DA:439,0
DA:444,0
DA:445,0
DA:446,0
DA:449,0
DA:450,0
DA:453,0
DA:462,0
DA:463,0
DA:464,0
DA:468,0
DA:470,0
LF:122
LH:0
end_of_record
SF:lib/src/lsl/stream_resolver.dart
DA:28,1
DA:30,1
DA:32,1
DA:33,0
DA:35,2
DA:36,3
DA:37,1
DA:45,1
DA:46,1
DA:47,0
DA:50,4
DA:52,1
DA:53,1
DA:54,1
DA:55,1
DA:57,1
DA:58,0
DA:60,1
DA:61,2
DA:62,3
DA:63,1
DA:69,1
DA:71,1
DA:75,1
DA:76,2
DA:77,1
DA:79,1
DA:82,0
DA:84,0
LF:29
LH:24
end_of_record
SF:lib/src/lsl/sample.dart
DA:12,0
DA:14,0
DA:15,0
DA:18,0
DA:19,0
DA:22,0
DA:23,0
DA:26,0
DA:27,0
DA:30,0
DA:32,0
DA:41,0
DA:42,0
DA:43,0
DA:46,0
DA:48,0
DA:51,0
DA:54,0
DA:55,0
DA:56,0
DA:57,0
DA:60,0
DA:62,0
LF:23
LH:0
end_of_record
SF:lib/src/lsl.dart
DA:23,0
DA:31,0
DA:32,0
DA:33,0
DA:34,0
DA:43,0
DA:44,0
DA:45,0
DA:46,0
DA:56,1
DA:64,1
DA:72,1
DA:77,2
DA:94,1
DA:100,1
DA:106,1
DA:126,0
DA:134,0
DA:135,0
DA:139,0
DA:140,0
DA:143,0
DA:146,0
DA:150,0
DA:154,0
DA:155,0
DA:156,0
DA:161,0
DA:162,0
DA:170,0
DA:172,0
DA:173,0
DA:181,0
DA:183,0
DA:184,0
DA:192,0
DA:196,0
DA:210,1
DA:215,1
DA:219,1
DA:221,1
DA:236,1
DA:240,1
DA:243,1
DA:247,0
DA:250,0
DA:251,0
DA:252,0
DA:253,0
DA:255,0
DA:260,0
DA:262,0
DA:264,0
LF:53
LH:14
end_of_record
SF:lib/src/lsl/exception.dart
DA:7,1
DA:9,0
DA:11,0
DA:17,1
DA:19,1
DA:21,2
LF:6
LH:4
end_of_record
SF:lib/src/lsl/api_config.dart
DA:169,0
DA:229,0
DA:271,0
DA:272,0
DA:273,0
DA:274,0
DA:275,0
DA:276,0
DA:277,0
DA:278,0
DA:279,0
DA:280,0
DA:281,0
DA:283,0
DA:284,0
DA:285,0
DA:286,0
DA:287,0
DA:288,0
DA:290,0
DA:292,0
DA:293,0
DA:294,0
DA:295,0
DA:296,0
DA:298,0
DA:299,0
DA:300,0
DA:301,0
DA:302,0
DA:303,0
DA:304,0
DA:305,0
DA:307,0
DA:309,0
DA:310,0
DA:311,0
DA:313,0
DA:315,0
DA:316,0
DA:318,0
DA:319,0
DA:320,0
DA:325,0
DA:326,0
DA:329,0
DA:332,0
DA:333,0
DA:336,0
DA:339,0
DA:340,0
DA:341,0
DA:342,0
DA:351,0
DA:352,0
DA:354,0
DA:355,0
DA:357,0
DA:364,0
DA:366,0
DA:367,0
DA:368,0
DA:370,0
DA:375,0
DA:377,0
DA:378,0
DA:380,0
DA:385,0
DA:386,0
DA:389,0
DA:390,0
DA:391,0
DA:392,0
DA:393,0
DA:394,0
DA:395,0
DA:396,0
DA:397,0
DA:401,0
DA:402,0
DA:403,0
DA:404,0
DA:405,0
DA:406,0
DA:407,0
DA:408,0
DA:409,0
DA:410,0
DA:411,0
DA:412,0
DA:413,0
DA:414,0
DA:415,0
DA:416,0
DA:417,0
DA:418,0
DA:419,0
DA:420,0
DA:421,0
DA:425,0
DA:426,0
DA:427,0
DA:428,0
DA:429,0
DA:433,0
DA:434,0
DA:437,0
DA:438,0
DA:439,0
DA:440,0
DA:441,0
DA:448,0
DA:450,0
DA:451,0
DA:453,0
DA:454,0
DA:456,0
DA:457,0
DA:459,0
DA:460,0
DA:462,0
DA:463,0
DA:465,0
DA:466,0
DA:468,0
DA:469,0
DA:470,0
DA:472,0
DA:473,0
DA:475,0
DA:476,0
DA:478,0
DA:479,0
DA:481,0
DA:482,0
DA:484,0
DA:485,0
DA:487,0
DA:488,0
DA:490,0
DA:491,0
DA:493,0
DA:494,0
DA:496,0
DA:497,0
DA:498,0
DA:500,0
DA:501,0
DA:503,0
DA:504,0
DA:506,0
DA:507,0
DA:508,0
DA:510,0
DA:511,0
DA:512,0
DA:514,0
DA:515,0
DA:517,0
DA:518,0
DA:524,0
DA:525,0
DA:526,0
DA:528,0
DA:536,0
DA:537,0
DA:538,0
DA:540,0
DA:542,0
DA:544,0
DA:552,0
DA:553,0
DA:556,0
DA:557,0
DA:558,0
DA:559,0
DA:560,0
DA:563,0
DA:567,0
DA:568,0
DA:571,0
DA:572,0
DA:573,0
DA:574,0
DA:575,0
DA:576,0
DA:579,0
DA:580,0
DA:582,0
DA:583,0
DA:585,0
DA:588,0
DA:589,0
DA:591,0
DA:594,0
DA:595,0
DA:597,0
DA:598,0
DA:599,0
DA:600,0
DA:602,0
DA:603,0
DA:604,0
DA:606,0
DA:607,0
DA:610,0
DA:611,0
DA:612,0
DA:613,0
DA:616,0
DA:617,0
DA:618,0
DA:619,0
DA:620,0
DA:621,0
DA:622,0
DA:623,0
DA:624,0
DA:625,0
DA:626,0
DA:627,0
DA:628,0
DA:629,0
DA:630,0
DA:631,0
DA:632,0
DA:633,0
DA:634,0
DA:635,0
DA:636,0
DA:637,0
DA:638,0
DA:639,0
DA:641,0
DA:644,0
DA:645,0
DA:647,0
DA:648,0
DA:650,0
DA:653,0
DA:657,0
DA:658,0
DA:659,0
DA:661,0
DA:662,0
DA:665,0
DA:667,0
DA:673,0
DA:674,0
DA:675,0
LF:250
LH:0
end_of_record
SF:lib/src/util/precise_scheduling.dart
DA:24,0
DA:31,0
DA:33,0
DA:34,0
DA:35,0
DA:36,0
DA:37,0
DA:40,0
DA:42,0
DA:43,0
DA:44,0
LF:11
LH:0
end_of_record
SF:lib/src/lsl/base.dart
DA:25,1
DA:28,1
DA:29,0
DA:31,1
DA:32,0
DA:34,1
DA:39,0
DA:40,0
DA:44,1
DA:45,2
DA:49,1
DA:50,2
DA:51,1
DA:53,2
DA:60,1
DA:63,1
DA:64,1
DA:71,1
DA:72,1
DA:73,1
DA:77,2
DA:80,2
LF:22
LH:18
end_of_record
SF:lib/src/lsl/helper.dart
DA:17,3
DA:18,1
DA:19,1
DA:20,1
DA:21,1
DA:22,1
DA:23,1
DA:24,1
DA:25,1
DA:29,0
DA:30,0
DA:31,0
DA:32,0
DA:33,0
DA:34,0
DA:35,0
DA:36,0
DA:37,0
DA:40,1
DA:42,1
DA:43,1
DA:47,0
DA:48,0
DA:51,1
DA:52,1
DA:53,2
DA:54,2
DA:56,0
DA:61,0
DA:62,0
DA:63,0
DA:64,0
DA:66,0
LF:33
LH:16
end_of_record
SF:lib/src/lsl/pull_sample.dart
DA:28,0
DA:39,0
DA:46,0
DA:47,0
DA:48,0
DA:49,0
DA:51,0
DA:52,0
DA:66,0
DA:73,0
DA:74,0
DA:75,0
DA:76,0
DA:78,0
DA:81,0
DA:88,0
DA:89,0
DA:90,0
DA:91,0
DA:93,0
DA:96,0
DA:98,0
DA:103,0
DA:111,0
DA:112,0
DA:113,0
DA:114,0
DA:116,0
DA:117,0
DA:118,0
DA:119,0
DA:120,0
DA:122,0
DA:123,0
DA:136,0
DA:138,0
DA:140,0
DA:141,0
DA:142,0
DA:147,0
DA:152,0
DA:155,0
DA:158,0
DA:160,0
DA:167,0
DA:169,0
DA:171,0
DA:172,0
DA:173,0
DA:178,0
DA:183,0
DA:186,0
DA:189,0
DA:191,0
DA:198,0
DA:199,0
DA:201,0
DA:202,0
DA:203,0
DA:208,0
DA:213,0
DA:216,0
DA:219,0
DA:221,0
DA:228,0
DA:229,0
DA:231,0
DA:232,0
DA:233,0
DA:238,0
DA:243,0
DA:246,0
DA:249,0
DA:251,0
DA:258,0
DA:259,0
DA:261,0
DA:262,0
DA:263,0
DA:268,0
DA:273,0
DA:276,0
DA:279,0
DA:281,0
DA:288,0
DA:289,0
DA:291,0
DA:292,0
DA:293,0
DA:298,0
DA:303,0
DA:306,0
DA:309,0
DA:311,0
DA:318,0
DA:319,0
DA:321,0
DA:322,0
DA:323,0
DA:329,0
DA:334,0
DA:337,0
DA:340,0
DA:342,0
DA:349,0
DA:350,0
DA:352,0
DA:355,0
DA:357,0
DA:360,0
DA:363,0
DA:364,0
DA:367,0
DA:369,0
LF:114
LH:0
end_of_record
SF:lib/src/lsl/push_sample.dart
DA:16,1
DA:18,1
DA:19,2
DA:23,0
DA:25,0
DA:41,2
DA:43,0
DA:45,0
DA:48,1
DA:53,1
DA:55,3
DA:56,2
DA:63,2
DA:65,0
DA:67,0
DA:70,0
DA:75,0
DA:77,0
DA:78,0
DA:85,2
DA:87,0
DA:89,0
DA:92,0
DA:97,0
DA:99,0
DA:100,0
DA:107,2
DA:109,0
DA:111,0
DA:114,0
DA:119,0
DA:121,0
DA:122,0
DA:129,2
DA:131,0
DA:133,0
DA:136,0
DA:141,0
DA:143,0
DA:144,0
DA:151,2
DA:153,0
DA:155,0
DA:158,0
DA:163,0
DA:165,0
DA:166,0
DA:173,2
DA:175,0
DA:177,0
DA:180,1
DA:185,1
DA:187,3
DA:188,2
DA:191,2
DA:198,2
DA:200,0
DA:202,0
DA:205,0
DA:207,0
DA:210,0
LF:61
LH:20
end_of_record
SF:lib/src/lsl/isolate_manager.dart
DA:33,1
DA:34,1
DA:36,1
DA:37,5
DA:40,1
DA:41,5
DA:44,1
DA:45,1
DA:46,2
DA:47,1
DA:48,1
DA:60,1
DA:67,1
DA:68,1
DA:71,1
DA:72,1
DA:75,1
DA:76,1
DA:77,1
DA:78,1
DA:79,1
DA:80,1
DA:84,1
DA:85,1
DA:86,1
DA:87,1
DA:88,1
DA:89,1
DA:97,1
DA:98,1
DA:99,1
DA:100,2
DA:101,1
DA:102,1
DA:103,2
DA:104,1
DA:105,2
DA:110,0
DA:111,0
DA:112,0
DA:113,0
DA:114,0
DA:119,0
DA:120,0
DA:121,0
DA:122,0
DA:123,0
DA:128,0
DA:131,0
DA:132,0
DA:133,0
DA:134,0
DA:139,0
DA:142,0
DA:143,0
DA:144,0
DA:145,0
DA:160,1
DA:161,1
DA:164,1
DA:165,3
DA:166,1
DA:168,1
DA:169,2
DA:170,2
DA:172,1
DA:174,1
DA:175,3
DA:176,1
DA:177,1
DA:184,1
DA:185,2
DA:187,2
DA:188,1
DA:189,2
DA:191,2
DA:198,1
DA:199,2
DA:200,0
DA:203,1
DA:204,0
DA:207,1
DA:208,3
DA:211,2
DA:212,0
DA:213,0
DA:214,0
DA:215,0
DA:220,3
DA:221,1
DA:225,1
DA:227,2
DA:228,0
DA:229,0
DA:232,2
DA:234,2
DA:235,2
DA:241,1
DA:245,1
DA:246,1
DA:248,1
DA:250,0
DA:257,0
DA:261,0
DA:262,0
DA:264,0
DA:266,0
DA:276,1
DA:277,1
DA:280,4
DA:283,1
DA:284,3
DA:285,1
DA:286,1
DA:291,1
DA:293,1
DA:294,1
DA:296,5
DA:298,1
DA:299,5
DA:307,1
DA:308,2
LF:122
LH:88
end_of_record
SF:lib/src/util/reusable_buffer.dart
DA:22,0
DA:23,0
DA:24,0
DA:28,0
DA:29,0
DA:30,0
DA:37,0
DA:38,0
DA:44,0
DA:45,0
DA:51,0
DA:52,0
DA:58,0
DA:59,0
DA:65,0
DA:66,0
DA:72,0
DA:73,0
DA:79,0
DA:80,0
DA:88,0
LF:21
LH:0
end_of_record
SF:lib/src/lsl/isolated_inlet.dart
DA:25,0
DA:26,0
DA:29,0
DA:30,0
DA:31,0
DA:32,0
DA:33,0
DA:34,0
DA:35,0
DA:36,0
DA:39,0
DA:41,0
DA:42,0
DA:44,0
DA:45,0
DA:47,0
DA:51,0
DA:54,0
DA:56,0
DA:58,0
DA:59,0
DA:60,0
DA:62,0
DA:63,0
DA:66,0
DA:68,0
DA:69,0
DA:70,0
DA:71,0
DA:73,0
DA:74,0
DA:76,0
DA:77,0
DA:79,0
DA:83,0
DA:86,0
DA:87,0
DA:88,0
DA:89,0
DA:90,0
DA:93,0
DA:94,0
DA:99,0
DA:100,0
DA:101,0
DA:102,0
DA:103,0
DA:104,0
DA:110,0
DA:111,0
DA:112,0
DA:115,0
DA:116,0
DA:117,0
DA:119,0
DA:121,0
DA:122,0
DA:128,0
DA:131,0
DA:132,0
DA:133,0
DA:136,0
DA:139,0
DA:140,0
DA:141,0
DA:144,0
DA:147,0
DA:150,0
DA:151,0
DA:152,0
DA:153,0
DA:154,0
DA:155,0
DA:160,0
DA:161,0
DA:162,0
DA:163,0
DA:164,0
DA:167,0
DA:168,0
DA:169,0
DA:171,0
DA:174,0
LF:83
LH:0
end_of_record
SF:lib/src/lsl/isolated_outlet.dart
DA:23,2
DA:25,1
DA:27,1
DA:28,1
DA:31,1
DA:32,1
DA:33,1
DA:34,1
DA:35,1
DA:36,1
DA:37,1
DA:38,1
DA:41,0
DA:45,1
DA:48,1
DA:50,1
DA:51,1
DA:52,1
DA:54,2
DA:55,1
DA:58,0
DA:60,0
DA:61,0
DA:63,0
DA:64,0
DA:66,0
DA:67,0
DA:69,0
DA:70,0
DA:72,0
DA:76,4
DA:79,2
DA:80,2
DA:81,1
DA:82,1
DA:85,1
DA:86,0
DA:92,1
DA:93,1
DA:94,0
DA:97,1
DA:98,2
DA:100,1
DA:101,2
DA:107,1
DA:108,2
DA:109,0
DA:112,2
DA:115,3
DA:116,1
DA:117,0
DA:122,1
DA:123,1
DA:124,2
DA:125,1
DA:128,1
DA:129,1
DA:130,0
DA:132,1
DA:135,1
LF:60
LH:44
end_of_record
SF:lib/src/meta/todo.dart
DA:10,1
LF:1
LH:1
end_of_record
