SF:lib/main.dart
DA:9,0
DA:10,0
DA:14,1
DA:16,1
DA:23,1
DA:25,1
DA:26,1
DA:40,1
DA:42,1
DA:43,2
DA:45,1
DA:46,1
DA:47,2
DA:49,1
DA:51,1
DA:53,0
DA:56,1
DA:59,1
DA:61,1
DA:62,1
DA:63,1
DA:64,1
DA:65,1
DA:67,1
DA:68,1
DA:70,1
DA:73,0
DA:76,0
DA:82,1
DA:84,1
DA:85,1
DA:87,1
DA:92,1
DA:93,1
DA:94,1
DA:95,1
DA:96,2
DA:98,1
DA:106,1
DA:107,3
DA:108,2
DA:111,1
DA:115,2
DA:117,2
DA:119,1
DA:120,0
DA:123,2
DA:124,1
DA:126,1
DA:136,1
DA:141,1
DA:143,1
DA:144,2
DA:146,1
DA:147,1
DA:150,1
DA:152,1
DA:153,1
DA:154,2
DA:157,1
DA:158,1
DA:160,0
DA:162,1
DA:166,1
DA:167,1
DA:170,0
DA:172,0
DA:175,0
DA:179,1
DA:181,2
DA:182,2
DA:183,2
DA:185,1
LF:73
LH:63
end_of_record
