SF:lib/src/coordination/core/coordination_config.dart
DA:30,5
DA:41,0
DA:51,0
DA:52,0
DA:53,0
DA:54,0
DA:55,0
DA:56,0
DA:57,0
DA:58,0
DA:59,0
LF:11
LH:1
end_of_record
SF:lib/src/coordination/core/coordination_node.dart
DA:57,5
DA:66,0
DA:74,0
DA:82,3
DA:90,3
DA:98,0
DA:110,3
DA:118,0
DA:125,0
DA:126,0
DA:127,0
DA:128,0
DA:129,0
DA:130,0
LF:14
LH:4
end_of_record
SF:lib/src/coordination/core/coordination_message.dart
DA:20,5
DA:30,0
DA:31,0
DA:34,0
DA:35,0
DA:36,0
DA:37,0
DA:38,0
DA:39,0
DA:40,0
DA:41,0
DA:42,0
DA:43,0
DA:44,0
DA:45,0
DA:47,0
DA:58,3
DA:67,3
DA:70,3
DA:72,3
DA:73,3
DA:74,3
DA:75,6
DA:76,3
DA:77,3
DA:78,6
DA:79,3
DA:83,0
DA:84,0
DA:85,0
DA:86,0
DA:87,0
DA:88,0
DA:89,0
DA:90,0
DA:100,0
DA:108,0
DA:111,0
DA:113,0
DA:114,0
DA:115,0
DA:116,0
DA:117,0
DA:118,0
DA:119,0
DA:123,0
DA:124,0
DA:125,0
DA:126,0
DA:127,0
DA:128,0
DA:129,0
DA:140,0
DA:149,0
DA:152,0
DA:154,0
DA:155,0
DA:156,0
DA:157,0
DA:158,0
DA:159,0
DA:160,0
DA:162,0
DA:163,0
DA:164,0
DA:165,0
DA:166,0
DA:167,0
DA:168,0
DA:169,0
DA:172,0
DA:176,0
DA:177,0
DA:180,0
DA:181,0
DA:182,0
DA:183,0
DA:184,0
DA:185,0
DA:186,0
DA:188,0
DA:191,0
DA:193,0
DA:194,0
DA:195,0
DA:196,0
DA:197,0
DA:198,0
DA:208,2
DA:215,2
DA:218,2
DA:220,2
DA:221,2
DA:222,2
DA:223,4
DA:224,2
DA:225,2
DA:229,0
DA:230,0
DA:231,0
DA:232,0
DA:233,0
DA:234,0
DA:243,0
DA:250,0
DA:253,0
DA:255,0
DA:256,0
DA:257,0
DA:258,0
DA:259,0
DA:261,0
DA:262,0
DA:263,0
DA:264,0
DA:265,0
DA:266,0
DA:267,0
DA:268,0
DA:271,0
DA:275,0
DA:276,0
DA:279,0
DA:280,0
DA:281,0
DA:282,0
DA:283,0
DA:284,0
DA:285,0
DA:287,0
DA:290,0
DA:292,0
DA:293,0
DA:294,0
DA:295,0
DA:306,5
DA:314,5
DA:317,5
DA:319,5
DA:320,5
DA:321,5
DA:322,10
DA:323,5
DA:324,5
DA:325,5
DA:329,0
DA:330,0
DA:331,0
DA:332,0
DA:333,0
DA:334,0
DA:335,0
LF:152
LH:31
end_of_record
SF:lib/src/coordination/core/leader_election.dart
DA:15,0
DA:21,0
DA:24,0
DA:25,0
DA:34,0
DA:39,0
DA:45,0
DA:47,0
DA:48,0
DA:50,0
DA:51,0
DA:53,0
DA:55,0
DA:56,0
DA:58,0
LF:15
LH:0
end_of_record
SF:lib/src/coordination/core/stream_layer_config.dart
DA:34,5
DA:46,0
DA:57,0
DA:58,0
DA:59,0
DA:60,0
DA:61,0
DA:62,0
DA:63,0
DA:64,0
DA:65,0
DA:66,0
DA:70,3
DA:71,3
DA:72,3
DA:73,3
DA:74,6
DA:75,3
DA:76,3
DA:77,6
DA:78,3
DA:79,3
DA:80,3
DA:84,1
DA:85,1
DA:86,1
DA:87,1
DA:88,1
DA:89,1
DA:91,1
DA:92,1
DA:94,2
DA:95,0
DA:96,1
DA:97,1
DA:98,1
DA:114,5
DA:124,0
DA:133,0
DA:134,0
DA:135,0
DA:136,0
DA:137,0
DA:138,0
DA:139,0
DA:140,0
DA:144,4
DA:145,4
DA:146,4
DA:147,8
DA:148,4
DA:149,4
DA:150,8
DA:151,4
DA:152,4
DA:156,2
DA:157,2
DA:162,4
DA:163,6
DA:167,0
DA:170,2
DA:171,2
DA:173,2
DA:174,2
DA:176,4
DA:177,0
DA:178,2
DA:179,2
DA:202,5
DA:210,5
DA:212,25
DA:219,3
DA:220,18
DA:224,3
DA:225,15
DA:228,0
DA:234,0
DA:235,0
DA:236,0
DA:237,0
DA:238,0
DA:242,3
DA:243,3
DA:244,3
DA:245,3
DA:246,15
DA:247,3
DA:251,1
DA:252,1
DA:253,1
DA:254,1
DA:256,1
DA:257,1
DA:258,1
DA:259,1
DA:261,1
DA:262,1
DA:270,10
DA:273,5
DA:274,5
DA:277,5
DA:294,10
DA:297,5
DA:298,5
DA:301,5
DA:314,5
DA:317,5
DA:319,5
DA:334,6
DA:337,3
DA:338,3
DA:341,3
DA:354,3
DA:357,3
DA:374,6
DA:377,3
DA:378,3
DA:381,3
DA:394,3
DA:397,3
DA:399,3
DA:410,3
DA:413,3
LF:123
LH:94
end_of_record
SF:lib/src/coordination/core/coordination_layer.dart
DA:62,3
DA:70,3
DA:71,3
DA:73,2
DA:74,4
DA:76,3
DA:77,3
DA:79,2
DA:80,4
DA:82,3
DA:83,6
DA:85,3
DA:86,6
DA:88,2
DA:89,4
DA:91,0
DA:93,0
DA:96,1
DA:102,0
DA:108,3
DA:110,6
DA:111,0
DA:113,6
DA:116,3
DA:118,6
DA:119,0
DA:121,6
DA:124,3
DA:126,6
DA:127,0
DA:129,6
DA:132,0
DA:134,0
DA:137,3
DA:139,6
DA:148,16
DA:151,8
DA:154,0
DA:155,0
DA:158,3
DA:159,18
DA:162,3
DA:163,16
DA:166,1
DA:167,2
DA:168,5
DA:169,1
DA:172,3
DA:173,9
DA:177,3
DA:178,6
DA:182,12
DA:185,6
DA:188,6
DA:191,6
DA:194,6
DA:197,0
DA:200,0
DA:201,0
DA:205,3
DA:206,3
DA:207,5
DA:209,2
DA:211,0
DA:217,3
DA:218,3
DA:219,5
DA:221,2
DA:223,0
DA:229,2
DA:233,3
DA:234,2
DA:235,2
DA:237,1
DA:239,2
DA:246,3
DA:249,11
DA:250,5
DA:251,3
DA:253,3
DA:257,2
DA:261,0
DA:262,0
DA:263,0
DA:268,5
DA:269,13
DA:271,3
DA:273,0
DA:276,10
DA:282,2
DA:283,2
DA:284,2
DA:286,4
DA:287,2
DA:288,2
DA:289,2
DA:291,2
DA:294,3
DA:295,2
DA:296,1
DA:300,2
LF:101
LH:82
end_of_record
SF:lib/src/coordination/core/multi_layer_coordinator.dart
DA:35,5
DA:47,2
DA:48,2
DA:50,2
DA:51,2
DA:53,4
DA:54,9
DA:56,2
DA:57,2
DA:59,1
DA:60,2
DA:63,4
DA:66,0
DA:69,0
DA:72,8
DA:75,9
DA:78,0
DA:79,0
DA:82,0
DA:83,0
DA:85,3
DA:87,3
DA:90,6
DA:92,1
DA:95,6
DA:96,3
DA:97,3
DA:98,6
DA:99,3
DA:100,3
DA:104,12
DA:107,6
DA:110,3
DA:112,3
DA:116,3
DA:118,3
DA:119,0
DA:122,6
DA:125,6
DA:126,3
DA:127,12
DA:129,3
DA:133,0
DA:135,0
DA:138,0
DA:141,0
DA:142,0
DA:144,0
DA:146,0
DA:147,0
DA:149,0
DA:152,0
DA:154,0
DA:158,3
DA:162,6
DA:166,3
DA:168,6
DA:169,0
DA:173,9
DA:176,3
DA:179,6
DA:180,6
DA:181,18
DA:186,3
DA:187,9
DA:188,6
DA:190,3
DA:191,6
DA:194,3
DA:195,6
DA:201,3
DA:202,9
DA:204,6
DA:206,3
DA:207,3
DA:208,3
DA:210,6
DA:211,9
DA:214,3
DA:215,9
DA:218,9
DA:219,3
DA:220,3
DA:224,6
DA:227,6
DA:228,0
DA:234,3
DA:235,3
DA:236,3
DA:238,3
DA:244,2
DA:245,2
DA:246,0
DA:250,4
DA:251,2
DA:252,4
DA:253,4
DA:257,3
DA:258,3
DA:259,6
DA:261,6
DA:262,6
DA:264,6
DA:266,3
DA:268,0
DA:269,0
DA:270,0
DA:272,0
DA:276,0
DA:277,0
DA:279,3
DA:281,0
DA:284,0
DA:285,0
DA:287,3
DA:289,0
DA:293,6
DA:296,0
DA:297,0
DA:298,0
DA:300,0
DA:301,0
DA:302,0
DA:305,0
DA:306,0
DA:307,0
DA:312,0
DA:316,0
DA:318,0
DA:321,0
DA:323,0
DA:324,0
DA:325,0
DA:326,0
DA:333,4
DA:336,7
DA:338,8
DA:339,8
DA:341,7
DA:343,8
DA:344,8
DA:347,4
DA:358,3
DA:367,3
DA:368,3
DA:370,0
DA:379,3
DA:381,3
DA:382,6
DA:384,1
DA:385,2
DA:387,1
DA:388,1
DA:390,0
DA:393,1
DA:394,1
DA:396,1
DA:399,1
DA:402,0
DA:407,0
DA:409,0
DA:414,0
DA:419,1
DA:421,1
DA:426,1
DA:428,2
DA:429,0
DA:431,1
DA:434,1
DA:436,2
DA:437,0
DA:439,1
DA:442,0
DA:447,2
DA:459,3
DA:467,3
DA:468,3
DA:470,3
DA:471,6
DA:473,3
DA:474,3
DA:476,1
DA:477,2
DA:479,3
DA:482,2
DA:487,1
DA:488,2
DA:490,0
DA:495,1
DA:500,0
DA:505,0
DA:507,0
DA:510,2
DA:512,2
DA:515,1
DA:517,1
DA:520,0
DA:525,3
LF:198
LH:136
end_of_record
SF:lib/src/coordination/lsl/lsl_coordination_node.dart
DA:23,3
DA:24,6
DA:25,3
DA:41,3
DA:51,3
DA:52,3
DA:53,3
DA:55,0
DA:56,0
DA:58,0
DA:59,0
DA:61,3
DA:62,3
DA:64,1
DA:65,1
DA:67,3
DA:68,6
DA:71,0
DA:74,0
DA:77,0
DA:78,0
DA:80,0
DA:83,0
DA:84,0
DA:85,0
DA:86,0
DA:92,0
DA:94,0
DA:97,0
DA:103,0
DA:107,0
DA:108,0
DA:111,0
DA:114,0
DA:115,0
DA:116,0
DA:117,0
DA:123,0
DA:125,0
DA:128,0
DA:133,3
DA:135,6
DA:136,6
DA:139,12
DA:141,3
DA:144,3
DA:146,3
DA:147,0
DA:150,3
DA:151,9
DA:154,3
DA:157,3
DA:160,0
DA:162,0
DA:164,0
DA:168,0
DA:169,0
DA:170,0
DA:172,0
DA:175,3
DA:178,6
DA:181,0
DA:182,0
DA:187,3
DA:191,3
DA:192,3
DA:193,3
DA:194,3
DA:199,3
DA:202,0
DA:204,0
DA:209,0
DA:210,0
DA:212,0
DA:213,0
DA:215,0
DA:216,0
DA:218,0
DA:219,0
DA:221,0
DA:222,0
DA:224,0
DA:225,0
DA:230,0
DA:232,0
DA:236,0
DA:238,0
DA:239,0
DA:241,0
DA:243,0
DA:248,0
DA:249,0
DA:250,0
DA:251,0
DA:252,0
DA:257,0
DA:258,0
DA:259,0
DA:260,0
DA:261,0
DA:262,0
DA:265,0
DA:268,0
DA:270,0
DA:271,0
DA:276,0
DA:277,0
DA:278,0
DA:279,0
DA:282,0
DA:283,0
DA:286,0
DA:287,0
DA:289,0
DA:290,0
DA:291,0
DA:296,0
DA:297,0
DA:300,0
DA:301,0
DA:302,0
DA:303,0
DA:304,0
DA:307,0
DA:308,0
DA:313,0
DA:314,0
DA:317,0
DA:318,0
DA:319,0
DA:321,0
DA:322,0
DA:323,0
DA:324,0
DA:327,0
DA:330,3
DA:332,3
DA:333,0
DA:336,6
DA:337,15
DA:338,0
DA:342,3
DA:345,21
DA:346,12
DA:347,3
DA:352,3
DA:353,6
DA:354,3
DA:355,6
DA:356,3
DA:359,3
DA:360,6
DA:361,15
DA:362,4
DA:366,3
DA:367,7
DA:368,1
DA:372,3
DA:373,4
DA:374,6
DA:375,6
DA:376,4
DA:377,3
DA:378,3
DA:379,3
DA:380,3
DA:383,3
DA:384,3
DA:385,3
DA:386,3
DA:387,3
DA:388,3
DA:389,3
DA:390,6
DA:393,3
DA:396,0
DA:397,0
DA:398,0
DA:399,0
DA:400,0
DA:401,0
DA:402,0
DA:405,0
DA:408,2
DA:409,2
DA:410,2
DA:411,2
DA:412,2
DA:413,6
DA:416,2
DA:419,4
DA:420,8
DA:421,2
DA:422,2
DA:423,2
DA:424,2
DA:425,4
DA:430,3
DA:432,6
DA:437,6
DA:442,3
DA:443,3
DA:444,6
DA:447,12
DA:448,3
DA:449,3
DA:450,3
DA:451,3
DA:452,6
DA:455,3
DA:456,3
DA:458,9
DA:459,3
DA:460,15
DA:464,0
DA:465,0
DA:466,0
DA:467,0
DA:468,0
DA:469,0
DA:472,0
DA:475,1
DA:476,1
DA:477,4
DA:480,2
DA:481,1
DA:482,1
DA:483,3
DA:484,0
DA:486,1
DA:488,1
DA:489,0
DA:490,0
DA:494,1
DA:495,0
DA:496,0
DA:499,0
DA:500,0
DA:504,1
DA:505,0
DA:509,0
DA:510,0
DA:511,0
DA:515,0
DA:516,0
DA:517,0
DA:518,0
DA:519,0
DA:520,0
DA:521,0
DA:525,0
DA:526,0
DA:529,0
DA:533,0
DA:534,0
DA:538,3
DA:539,6
DA:542,3
DA:543,18
DA:547,3
DA:548,9
DA:549,0
DA:554,0
DA:555,0
DA:556,0
DA:562,0
DA:563,0
DA:566,0
DA:567,0
DA:570,0
DA:572,0
DA:573,0
DA:574,0
DA:576,0
DA:579,0
DA:580,0
DA:581,0
DA:582,0
DA:583,0
DA:584,0
DA:586,0
DA:592,3
DA:594,3
DA:595,6
DA:596,6
DA:597,3
LF:286
LH:123
end_of_record
SF:lib/src/coordination/lsl/lsl_transport.dart
DA:12,1
DA:14,0
DA:16,0
DA:35,6
DA:41,3
DA:43,12
DA:46,3
DA:47,6
DA:49,3
DA:50,6
DA:52,6
DA:54,6
DA:58,6
DA:59,6
DA:62,6
DA:63,6
DA:64,12
DA:67,12
DA:75,12
DA:78,6
DA:80,6
DA:82,0
DA:83,0
DA:84,0
DA:88,5
DA:90,5
DA:91,1
DA:95,10
DA:96,15
DA:98,0
DA:99,0
DA:105,0
DA:109,0
DA:111,0
DA:112,0
DA:113,0
DA:114,0
DA:115,0
DA:118,0
DA:120,0
DA:121,0
DA:127,0
DA:136,0
DA:138,0
DA:141,0
DA:145,0
DA:146,0
DA:152,0
DA:155,0
DA:156,0
DA:158,0
DA:160,0
DA:161,0
DA:169,0
DA:170,0
DA:176,6
DA:177,17
DA:178,5
DA:182,5
DA:183,10
DA:185,0
DA:186,0
DA:187,0
DA:189,0
DA:190,0
DA:191,0
DA:194,0
DA:199,0
DA:204,20
DA:205,5
DA:209,5
DA:211,5
DA:213,4
DA:214,0
DA:215,0
DA:216,0
DA:217,0
DA:220,4
DA:222,0
DA:223,0
DA:229,0
DA:238,0
DA:240,0
DA:243,0
DA:248,2
DA:252,6
DA:255,12
DA:256,6
DA:259,6
DA:261,0
DA:263,0
DA:266,12
DA:269,6
DA:271,12
DA:273,0
DA:275,6
DA:280,12
DA:282,0
DA:285,6
DA:287,0
LF:100
LH:46
end_of_record
SF:lib/src/coordination/lsl/high_frequency_transport.dart
DA:29,5
DA:36,10
DA:37,10
DA:38,10
DA:41,12
DA:62,3
DA:73,6
DA:76,2
DA:81,2
DA:82,4
DA:83,0
DA:84,0
DA:85,0
DA:86,0
DA:88,0
DA:92,3
DA:94,3
DA:96,6
DA:97,2
DA:102,2
DA:105,2
DA:108,2
DA:111,2
DA:113,0
DA:118,2
DA:119,4
DA:121,2
DA:122,2
DA:123,2
DA:124,2
DA:125,4
DA:126,2
DA:129,4
DA:132,6
DA:133,2
DA:134,0
DA:135,0
DA:136,0
DA:137,0
DA:139,0
DA:140,0
DA:142,0
DA:143,0
DA:144,0
DA:146,0
DA:147,0
DA:152,2
DA:153,2
DA:159,2
DA:160,4
DA:162,2
DA:163,2
DA:164,2
DA:165,2
DA:166,4
DA:169,4
DA:172,6
DA:173,2
DA:174,0
DA:175,0
DA:176,0
DA:181,2
DA:182,2
DA:188,3
DA:189,3
DA:190,4
DA:191,2
DA:193,2
DA:195,4
DA:197,4
DA:202,2
DA:203,2
DA:204,2
DA:205,2
DA:207,2
DA:209,4
DA:212,2
DA:217,3
DA:219,9
DA:220,9
DA:221,3
DA:222,3
DA:224,2
DA:229,2
DA:230,4
DA:234,1
DA:235,1
DA:239,1
DA:243,1
DA:244,2
DA:245,1
DA:247,1
DA:248,2
DA:254,0
DA:257,0
DA:258,0
DA:262,2
DA:263,8
DA:266,3
DA:270,3
DA:271,4
DA:272,2
DA:274,2
DA:275,4
DA:281,3
DA:282,4
DA:283,2
DA:285,2
DA:286,4
DA:291,5
DA:292,5
DA:293,5
DA:294,5
DA:295,6
DA:297,3
DA:298,3
DA:299,3
DA:300,3
DA:301,3
DA:302,3
DA:304,0
DA:307,3
DA:319,2
DA:335,2
DA:362,2
DA:377,1
DA:385,1
DA:386,1
DA:387,1
DA:388,2
DA:389,1
DA:390,2
DA:391,2
DA:395,0
DA:396,0
DA:397,0
DA:398,0
DA:399,0
DA:400,0
DA:404,5
DA:407,1
DA:408,3
DA:409,4
DA:413,5
DA:422,1
DA:428,1
DA:429,1
DA:430,1
DA:431,2
DA:432,2
DA:436,2
DA:437,1
DA:438,1
DA:439,2
DA:451,3
DA:459,6
DA:463,3
DA:464,3
DA:467,1
DA:468,1
DA:469,2
DA:470,1
DA:471,1
DA:472,2
DA:473,2
DA:477,2
DA:478,1
DA:479,1
DA:480,1
DA:481,1
DA:482,2
DA:487,1
DA:493,2
DA:495,2
DA:496,1
DA:497,3
DA:500,1
DA:501,1
DA:505,3
DA:509,1
DA:510,1
DA:516,2
DA:517,2
DA:518,6
DA:520,2
DA:521,2
DA:522,2
DA:525,2
DA:530,2
DA:534,2
DA:537,2
DA:538,1
DA:545,1
DA:546,0
DA:547,0
DA:548,0
DA:551,0
DA:552,0
DA:553,0
DA:554,0
DA:558,0
DA:565,2
DA:571,1
DA:575,0
DA:576,0
DA:578,0
DA:579,0
DA:584,0
DA:586,0
DA:588,0
DA:592,0
DA:597,2
DA:598,2
DA:599,6
DA:603,2
DA:607,2
DA:608,2
DA:610,2
DA:612,2
DA:613,4
DA:616,2
DA:619,2
DA:624,4
DA:625,2
DA:626,2
DA:627,2
DA:631,4
DA:632,2
DA:634,0
DA:635,0
DA:637,0
DA:638,0
DA:644,2
DA:655,2
DA:658,0
DA:659,0
DA:661,0
DA:662,0
DA:669,0
DA:671,0
DA:675,0
DA:680,2
DA:686,2
DA:688,2
DA:689,0
DA:690,0
DA:691,0
DA:692,0
DA:695,2
DA:698,0
DA:700,0
DA:706,0
DA:710,0
DA:711,0
DA:713,0
DA:714,0
DA:717,0
DA:718,0
DA:720,0
DA:721,0
DA:722,0
DA:726,0
DA:727,0
DA:730,0
DA:734,0
DA:739,1
DA:752,2
DA:753,1
DA:756,1
DA:757,0
DA:758,0
DA:759,0
DA:761,0
DA:763,0
DA:765,0
DA:766,0
DA:767,0
DA:768,0
DA:769,0
DA:773,0
DA:782,2
DA:784,1
DA:786,0
DA:787,0
DA:788,0
DA:791,0
DA:792,0
DA:796,0
DA:797,0
DA:798,0
DA:801,0
DA:802,0
DA:805,0
DA:806,0
DA:809,0
DA:812,0
DA:813,0
DA:814,0
DA:821,0
DA:823,0
DA:826,0
DA:829,0
DA:830,0
DA:832,0
DA:837,0
DA:839,0
DA:840,0
DA:844,0
DA:849,3
DA:850,0
DA:858,2
DA:866,2
DA:867,4
DA:868,1
DA:869,1
DA:870,0
DA:875,1
DA:877,0
DA:878,0
DA:879,0
DA:880,0
DA:882,0
DA:884,0
DA:885,0
DA:887,0
DA:890,0
DA:891,0
DA:893,0
DA:894,0
DA:899,0
DA:906,4
DA:907,2
DA:908,1
DA:911,0
DA:915,0
DA:922,0
DA:924,0
DA:928,0
DA:929,0
DA:932,0
DA:933,0
DA:935,0
DA:936,0
LF:343
LH:204
end_of_record
SF:lib/src/coordination/lsl/gaming_coordination_node.dart
DA:19,0
DA:27,0
DA:34,0
DA:40,0
DA:44,0
DA:45,0
DA:49,0
DA:50,0
DA:51,0
DA:52,0
DA:53,0
DA:54,0
DA:55,0
DA:56,0
DA:63,0
DA:64,0
DA:66,0
DA:67,0
DA:69,0
DA:70,0
DA:72,0
DA:73,0
DA:75,0
DA:76,0
DA:79,0
DA:82,0
DA:83,0
DA:86,0
DA:89,0
DA:92,0
DA:94,0
DA:96,0
DA:97,0
DA:100,0
DA:102,0
DA:105,0
DA:107,0
DA:110,0
DA:112,0
DA:116,0
DA:117,0
DA:121,0
DA:127,0
DA:131,0
DA:135,0
DA:139,0
DA:140,0
DA:144,0
DA:148,0
DA:152,0
DA:163,0
DA:170,0
DA:171,0
DA:172,0
DA:175,0
DA:176,0
DA:177,0
DA:178,0
DA:179,0
DA:181,0
DA:186,0
DA:187,0
DA:189,0
DA:190,0
DA:191,0
DA:196,0
DA:197,0
DA:199,0
DA:200,0
DA:205,0
DA:206,0
DA:208,0
DA:214,0
DA:215,0
DA:216,0
DA:217,0
DA:222,0
DA:223,0
DA:227,0
DA:228,0
DA:232,0
DA:233,0
DA:236,0
DA:238,0
DA:239,0
DA:240,0
DA:252,0
DA:268,0
DA:272,0
DA:274,0
DA:275,0
DA:276,0
DA:277,0
DA:278,0
DA:281,0
DA:282,0
DA:283,0
DA:284,0
DA:285,0
DA:296,0
DA:297,0
DA:299,0
DA:300,0
DA:301,0
DA:302,0
DA:305,0
DA:306,0
DA:307,0
DA:308,0
DA:320,0
DA:325,0
DA:328,0
DA:330,0
DA:334,0
DA:336,0
DA:338,0
DA:340,0
DA:341,0
DA:343,0
DA:345,0
DA:346,0
DA:348,0
DA:350,0
DA:354,0
DA:358,0
DA:362,0
DA:370,0
DA:373,0
DA:376,0
DA:384,0
LF:130
LH:0
end_of_record
SF:lib/src/coordination/lsl/stream_layer_manager.dart
DA:38,4
DA:40,3
DA:49,9
DA:52,9
DA:55,6
DA:58,3
DA:59,3
DA:62,6
DA:63,3
DA:67,6
DA:68,3
DA:69,0
DA:71,0
DA:74,3
DA:78,0
DA:79,0
DA:82,0
DA:83,0
DA:88,3
DA:89,3
DA:90,0
DA:93,9
DA:94,0
DA:96,6
DA:101,3
DA:102,6
DA:103,0
DA:106,3
DA:108,9
DA:109,0
DA:116,3
DA:117,6
DA:118,0
DA:121,3
DA:123,9
DA:124,0
DA:131,3
DA:132,3
DA:133,9
DA:134,9
DA:135,9
DA:136,9
DA:137,9
DA:138,9
DA:141,6
DA:143,9
DA:144,9
DA:155,3
DA:156,3
DA:162,3
DA:167,0
DA:169,0
DA:171,0
DA:172,0
DA:173,0
DA:175,0
DA:176,0
DA:179,0
DA:180,0
DA:181,0
DA:182,0
DA:186,0
DA:187,0
DA:191,0
DA:192,0
DA:194,0
DA:200,3
DA:202,12
DA:206,0
DA:211,0
DA:212,0
DA:213,0
DA:214,0
DA:215,0
DA:216,0
DA:217,0
DA:220,0
DA:221,0
DA:226,0
DA:227,0
DA:229,0
DA:232,0
DA:240,0
DA:242,0
DA:243,0
DA:248,0
DA:249,0
DA:253,3
DA:254,6
DA:255,3
DA:256,3
DA:260,3
DA:262,6
DA:263,0
DA:264,0
DA:267,0
DA:268,0
DA:269,0
DA:271,0
DA:272,0
DA:273,0
DA:275,0
DA:276,0
DA:281,0
DA:288,3
DA:289,3
DA:291,3
DA:292,3
DA:294,3
DA:295,3
DA:297,6
DA:298,0
DA:300,6
DA:302,6
DA:303,0
DA:305,6
DA:307,6
DA:309,6
DA:310,6
DA:313,6
DA:314,6
LF:121
LH:61
end_of_record
SF:lib/src/coordination/utils/coordination_extensions.dart
DA:9,0
DA:10,0
DA:12,0
DA:15,0
DA:16,0
DA:17,0
DA:18,0
DA:23,0
DA:24,0
DA:25,0
DA:26,0
DA:27,0
DA:33,0
DA:37,0
DA:38,0
DA:40,0
DA:41,0
DA:44,0
DA:47,0
DA:48,0
DA:49,0
DA:50,0
DA:55,0
DA:56,0
DA:57,0
DA:58,0
DA:59,0
DA:65,0
DA:68,0
LF:29
LH:0
end_of_record
